[2024-02-27T11:32:14.218+0000] {manager.py:469} INFO - Processing files using up to 1 processes at a time 
[2024-02-27T11:32:14.218+0000] {manager.py:470} INFO - Process each file at most once every 30 seconds
[2024-02-27T11:32:14.218+0000] {manager.py:471} INFO - Checking for new files in /opt/airflow/dags every 300 seconds
[2024-02-27T11:32:14.218+0000] {manager.py:738} INFO - Searching for files in /opt/airflow/dags
[2024-02-27T11:32:14.219+0000] {manager.py:741} INFO - There are 0 files in /opt/airflow/dags
[2024-02-27T11:39:04.986+0000] {manager.py:469} INFO - Processing files using up to 1 processes at a time 
[2024-02-27T11:39:04.986+0000] {manager.py:470} INFO - Process each file at most once every 30 seconds
[2024-02-27T11:39:04.987+0000] {manager.py:471} INFO - Checking for new files in /opt/airflow/dags every 300 seconds
[2024-02-27T11:39:04.987+0000] {manager.py:738} INFO - Searching for files in /opt/airflow/dags
[2024-02-27T11:39:04.989+0000] {manager.py:741} INFO - There are 0 files in /opt/airflow/dags
[2024-02-27T11:41:08.262+0000] {manager.py:469} INFO - Processing files using up to 1 processes at a time 
[2024-02-27T11:41:08.262+0000] {manager.py:470} INFO - Process each file at most once every 30 seconds
[2024-02-27T11:41:08.263+0000] {manager.py:471} INFO - Checking for new files in /opt/airflow/dags every 300 seconds
[2024-02-27T11:41:08.263+0000] {manager.py:738} INFO - Searching for files in /opt/airflow/dags
[2024-02-27T11:41:08.263+0000] {manager.py:741} INFO - There are 0 files in /opt/airflow/dags
[2024-02-27T11:47:04.581+0000] {manager.py:469} INFO - Processing files using up to 1 processes at a time 
[2024-02-27T11:47:04.581+0000] {manager.py:470} INFO - Process each file at most once every 30 seconds
[2024-02-27T11:47:04.581+0000] {manager.py:471} INFO - Checking for new files in /opt/airflow/dags every 300 seconds
[2024-02-27T11:47:04.581+0000] {manager.py:738} INFO - Searching for files in /opt/airflow/dags
[2024-02-27T11:47:04.582+0000] {manager.py:741} INFO - There are 0 files in /opt/airflow/dags
[2024-02-27T11:49:44.400+0000] {manager.py:469} INFO - Processing files using up to 1 processes at a time 
[2024-02-27T11:49:44.401+0000] {manager.py:470} INFO - Process each file at most once every 30 seconds
[2024-02-27T11:49:44.401+0000] {manager.py:471} INFO - Checking for new files in /opt/airflow/dags every 300 seconds
[2024-02-27T11:49:44.401+0000] {manager.py:738} INFO - Searching for files in /opt/airflow/dags
[2024-02-27T11:49:44.402+0000] {manager.py:741} INFO - There are 0 files in /opt/airflow/dags
[2024-02-27T11:52:04.740+0000] {manager.py:469} INFO - Processing files using up to 1 processes at a time 
[2024-02-27T11:52:04.740+0000] {manager.py:470} INFO - Process each file at most once every 30 seconds
[2024-02-27T11:52:04.741+0000] {manager.py:471} INFO - Checking for new files in /opt/airflow/dags every 300 seconds
[2024-02-27T11:52:04.741+0000] {manager.py:738} INFO - Searching for files in /opt/airflow/dags
[2024-02-27T11:52:04.742+0000] {manager.py:741} INFO - There are 0 files in /opt/airflow/dags
[2024-02-27T11:56:20.453+0000] {manager.py:469} INFO - Processing files using up to 1 processes at a time 
[2024-02-27T11:56:20.454+0000] {manager.py:470} INFO - Process each file at most once every 30 seconds
[2024-02-27T11:56:20.454+0000] {manager.py:471} INFO - Checking for new files in /opt/airflow/dags every 300 seconds
[2024-02-27T11:56:20.454+0000] {manager.py:738} INFO - Searching for files in /opt/airflow/dags
[2024-02-27T11:56:20.455+0000] {manager.py:741} INFO - There are 0 files in /opt/airflow/dags
[2024-02-27T12:00:42.453+0000] {manager.py:469} INFO - Processing files using up to 1 processes at a time 
[2024-02-27T12:00:42.454+0000] {manager.py:470} INFO - Process each file at most once every 30 seconds
[2024-02-27T12:00:42.454+0000] {manager.py:471} INFO - Checking for new files in /opt/airflow/dags every 300 seconds
[2024-02-27T12:00:42.454+0000] {manager.py:738} INFO - Searching for files in /opt/airflow/dags
[2024-02-27T12:00:42.455+0000] {manager.py:741} INFO - There are 0 files in /opt/airflow/dags
[2024-02-27T12:01:59.587+0000] {manager.py:469} INFO - Processing files using up to 1 processes at a time 
[2024-02-27T12:01:59.587+0000] {manager.py:470} INFO - Process each file at most once every 30 seconds
[2024-02-27T12:01:59.588+0000] {manager.py:471} INFO - Checking for new files in /opt/airflow/dags every 300 seconds
[2024-02-27T12:01:59.588+0000] {manager.py:738} INFO - Searching for files in /opt/airflow/dags
[2024-02-27T12:01:59.590+0000] {manager.py:741} INFO - There are 0 files in /opt/airflow/dags
[2024-02-27T12:05:05.161+0000] {manager.py:469} INFO - Processing files using up to 1 processes at a time 
[2024-02-27T12:05:05.161+0000] {manager.py:470} INFO - Process each file at most once every 30 seconds
[2024-02-27T12:05:05.161+0000] {manager.py:471} INFO - Checking for new files in /opt/airflow/dags every 300 seconds
[2024-02-27T12:05:05.162+0000] {manager.py:738} INFO - Searching for files in /opt/airflow/dags
[2024-02-27T12:05:05.162+0000] {manager.py:741} INFO - There are 0 files in /opt/airflow/dags
[2024-02-27T12:10:05.190+0000] {manager.py:738} INFO - Searching for files in /opt/airflow/dags
[2024-02-27T12:10:05.207+0000] {manager.py:741} INFO - There are 0 files in /opt/airflow/dags
[2024-02-27T12:15:05.959+0000] {manager.py:738} INFO - Searching for files in /opt/airflow/dags
[2024-02-27T12:15:05.976+0000] {manager.py:741} INFO - There are 0 files in /opt/airflow/dags
[2024-02-27T12:15:55.100+0000] {manager.py:469} INFO - Processing files using up to 1 processes at a time 
[2024-02-27T12:15:55.101+0000] {manager.py:470} INFO - Process each file at most once every 30 seconds
[2024-02-27T12:15:55.101+0000] {manager.py:471} INFO - Checking for new files in /opt/airflow/dags every 300 seconds
[2024-02-27T12:15:55.101+0000] {manager.py:738} INFO - Searching for files in /opt/airflow/dags
[2024-02-27T12:15:55.102+0000] {manager.py:741} INFO - There are 0 files in /opt/airflow/dags
[2024-02-27T12:16:17.551+0000] {manager.py:469} INFO - Processing files using up to 1 processes at a time 
[2024-02-27T12:16:17.551+0000] {manager.py:470} INFO - Process each file at most once every 30 seconds
[2024-02-27T12:16:17.551+0000] {manager.py:471} INFO - Checking for new files in /opt/airflow/dags every 300 seconds
[2024-02-27T12:16:17.551+0000] {manager.py:738} INFO - Searching for files in /opt/airflow/dags
[2024-02-27T12:16:17.552+0000] {manager.py:741} INFO - There are 0 files in /opt/airflow/dags
[2024-02-27T12:28:20.828+0000] {manager.py:738} INFO - Searching for files in /opt/airflow/dags
[2024-02-27T12:28:20.836+0000] {manager.py:741} INFO - There are 0 files in /opt/airflow/dags
[2024-02-27T12:33:21.061+0000] {manager.py:738} INFO - Searching for files in /opt/airflow/dags
[2024-02-27T12:33:21.071+0000] {manager.py:741} INFO - There are 0 files in /opt/airflow/dags
[2024-02-27T12:36:10.182+0000] {manager.py:469} INFO - Processing files using up to 1 processes at a time 
[2024-02-27T12:36:10.183+0000] {manager.py:470} INFO - Process each file at most once every 30 seconds
[2024-02-27T12:36:10.184+0000] {manager.py:471} INFO - Checking for new files in /opt/airflow/dags every 300 seconds
[2024-02-27T12:36:10.184+0000] {manager.py:738} INFO - Searching for files in /opt/airflow/dags
[2024-02-27T12:36:10.185+0000] {manager.py:741} INFO - There are 0 files in /opt/airflow/dags
[2024-02-27T12:41:10.202+0000] {manager.py:738} INFO - Searching for files in /opt/airflow/dags
[2024-02-27T12:41:10.217+0000] {manager.py:741} INFO - There are 0 files in /opt/airflow/dags
[2024-02-27T12:41:44.525+0000] {manager.py:469} INFO - Processing files using up to 1 processes at a time 
[2024-02-27T12:41:44.526+0000] {manager.py:470} INFO - Process each file at most once every 30 seconds
[2024-02-27T12:41:44.526+0000] {manager.py:471} INFO - Checking for new files in /opt/airflow/dags every 300 seconds
[2024-02-27T12:41:44.526+0000] {manager.py:738} INFO - Searching for files in /opt/airflow/dags
[2024-02-27T12:41:44.527+0000] {manager.py:741} INFO - There are 0 files in /opt/airflow/dags
[2024-02-27T12:44:35.218+0000] {manager.py:469} INFO - Processing files using up to 1 processes at a time 
[2024-02-27T12:44:35.218+0000] {manager.py:470} INFO - Process each file at most once every 30 seconds
[2024-02-27T12:44:35.218+0000] {manager.py:471} INFO - Checking for new files in /opt/airflow/dags every 300 seconds
[2024-02-27T12:44:35.219+0000] {manager.py:738} INFO - Searching for files in /opt/airflow/dags
[2024-02-27T12:44:35.219+0000] {manager.py:741} INFO - There are 0 files in /opt/airflow/dags
[2024-02-27T12:47:40.482+0000] {manager.py:469} INFO - Processing files using up to 1 processes at a time 
[2024-02-27T12:47:40.483+0000] {manager.py:470} INFO - Process each file at most once every 30 seconds
[2024-02-27T12:47:40.483+0000] {manager.py:471} INFO - Checking for new files in /opt/airflow/dags every 300 seconds
[2024-02-27T12:47:40.484+0000] {manager.py:738} INFO - Searching for files in /opt/airflow/dags
[2024-02-27T12:47:40.486+0000] {manager.py:741} INFO - There are 0 files in /opt/airflow/dags
[2024-02-27T12:48:38.002+0000] {manager.py:469} INFO - Processing files using up to 1 processes at a time 
[2024-02-27T12:48:38.003+0000] {manager.py:470} INFO - Process each file at most once every 30 seconds
[2024-02-27T12:48:38.003+0000] {manager.py:471} INFO - Checking for new files in /opt/airflow/dags every 300 seconds
[2024-02-27T12:48:38.003+0000] {manager.py:738} INFO - Searching for files in /opt/airflow/dags
[2024-02-27T12:48:38.004+0000] {manager.py:741} INFO - There are 0 files in /opt/airflow/dags
[2024-02-27T12:49:12.856+0000] {manager.py:469} INFO - Processing files using up to 1 processes at a time 
[2024-02-27T12:49:12.856+0000] {manager.py:470} INFO - Process each file at most once every 30 seconds
[2024-02-27T12:49:12.856+0000] {manager.py:471} INFO - Checking for new files in /opt/airflow/dags every 300 seconds
[2024-02-27T12:49:12.857+0000] {manager.py:738} INFO - Searching for files in /opt/airflow/dags
[2024-02-27T12:49:12.857+0000] {manager.py:741} INFO - There are 0 files in /opt/airflow/dags
[2024-02-27T12:50:46.502+0000] {manager.py:469} INFO - Processing files using up to 1 processes at a time 
[2024-02-27T12:50:46.503+0000] {manager.py:470} INFO - Process each file at most once every 30 seconds
[2024-02-27T12:50:46.503+0000] {manager.py:471} INFO - Checking for new files in /opt/airflow/dags every 300 seconds
[2024-02-27T12:50:46.503+0000] {manager.py:738} INFO - Searching for files in /opt/airflow/dags
[2024-02-27T12:50:46.504+0000] {manager.py:741} INFO - There are 0 files in /opt/airflow/dags
[2024-02-27T12:53:15.184+0000] {manager.py:469} INFO - Processing files using up to 1 processes at a time 
[2024-02-27T12:53:15.185+0000] {manager.py:470} INFO - Process each file at most once every 30 seconds
[2024-02-27T12:53:15.185+0000] {manager.py:471} INFO - Checking for new files in /opt/airflow/dags every 300 seconds
[2024-02-27T12:53:15.186+0000] {manager.py:738} INFO - Searching for files in /opt/airflow/dags
[2024-02-27T12:53:15.187+0000] {manager.py:741} INFO - There are 0 files in /opt/airflow/dags
[2024-02-27T12:58:15.205+0000] {manager.py:738} INFO - Searching for files in /opt/airflow/dags
[2024-02-27T12:58:15.225+0000] {manager.py:741} INFO - There are 1 files in /opt/airflow/dags
[2024-02-27T12:58:16.235+0000] {manager.py:879} INFO - 
================================================================================
DAG File Processing Stats

File Path                          PID    Runtime      # DAGs    # Errors  Last Runtime    Last Run
---------------------------------  -----  ---------  --------  ----------  --------------  -------------------
/opt/airflow/dags/bbc_news_etl.py                           0           1  0.14s           2024-02-27T12:58:15
================================================================================
[2024-02-27T12:58:46.328+0000] {manager.py:879} INFO - 
================================================================================
DAG File Processing Stats

File Path                          PID    Runtime      # DAGs    # Errors  Last Runtime    Last Run
---------------------------------  -----  ---------  --------  ----------  --------------  -------------------
/opt/airflow/dags/bbc_news_etl.py                           0           1  0.17s           2024-02-27T12:58:45
================================================================================
[2024-02-27T12:59:16.605+0000] {manager.py:879} INFO - 
================================================================================
DAG File Processing Stats

File Path                          PID    Runtime      # DAGs    # Errors  Last Runtime    Last Run
---------------------------------  -----  ---------  --------  ----------  --------------  -------------------
/opt/airflow/dags/bbc_news_etl.py                           0           1  0.14s           2024-02-27T12:59:16
================================================================================
[2024-02-27T12:59:46.857+0000] {manager.py:879} INFO - 
================================================================================
DAG File Processing Stats

File Path                          PID    Runtime      # DAGs    # Errors  Last Runtime    Last Run
---------------------------------  -----  ---------  --------  ----------  --------------  -------------------
/opt/airflow/dags/bbc_news_etl.py                           0           1  0.14s           2024-02-27T12:59:46
================================================================================
[2024-02-27T13:00:17.087+0000] {manager.py:879} INFO - 
================================================================================
DAG File Processing Stats

File Path                          PID    Runtime      # DAGs    # Errors  Last Runtime    Last Run
---------------------------------  -----  ---------  --------  ----------  --------------  -------------------
/opt/airflow/dags/bbc_news_etl.py                           0           1  0.13s           2024-02-27T13:00:17
================================================================================
[2024-02-27T13:00:47.342+0000] {manager.py:879} INFO - 
================================================================================
DAG File Processing Stats

File Path                          PID    Runtime      # DAGs    # Errors  Last Runtime    Last Run
---------------------------------  -----  ---------  --------  ----------  --------------  -------------------
/opt/airflow/dags/bbc_news_etl.py                           0           1  0.17s           2024-02-27T13:00:47
================================================================================
[2024-02-27T13:01:17.696+0000] {manager.py:879} INFO - 
================================================================================
DAG File Processing Stats

File Path                          PID    Runtime      # DAGs    # Errors  Last Runtime    Last Run
---------------------------------  -----  ---------  --------  ----------  --------------  -------------------
/opt/airflow/dags/bbc_news_etl.py                           0           1  0.26s           2024-02-27T13:01:17
================================================================================
[2024-02-27T13:01:47.984+0000] {manager.py:879} INFO - 
================================================================================
DAG File Processing Stats

File Path                          PID    Runtime      # DAGs    # Errors  Last Runtime    Last Run
---------------------------------  -----  ---------  --------  ----------  --------------  -------------------
/opt/airflow/dags/bbc_news_etl.py                           0           1  0.15s           2024-02-27T13:01:47
================================================================================
[2024-02-27T13:02:18.220+0000] {manager.py:879} INFO - 
================================================================================
DAG File Processing Stats

File Path                          PID    Runtime      # DAGs    # Errors  Last Runtime    Last Run
---------------------------------  -----  ---------  --------  ----------  --------------  -------------------
/opt/airflow/dags/bbc_news_etl.py                           0           1  0.14s           2024-02-27T13:02:18
================================================================================
[2024-02-27T13:02:48.450+0000] {manager.py:879} INFO - 
================================================================================
DAG File Processing Stats

File Path                          PID    Runtime      # DAGs    # Errors  Last Runtime    Last Run
---------------------------------  -----  ---------  --------  ----------  --------------  -------------------
/opt/airflow/dags/bbc_news_etl.py                           0           1  0.13s           2024-02-27T13:02:48
================================================================================
[2024-02-27T13:03:15.424+0000] {manager.py:738} INFO - Searching for files in /opt/airflow/dags
[2024-02-27T13:03:15.440+0000] {manager.py:741} INFO - There are 1 files in /opt/airflow/dags
[2024-02-27T13:03:18.818+0000] {manager.py:879} INFO - 
================================================================================
DAG File Processing Stats

File Path                          PID    Runtime      # DAGs    # Errors  Last Runtime    Last Run
---------------------------------  -----  ---------  --------  ----------  --------------  -------------------
/opt/airflow/dags/bbc_news_etl.py                           0           1  0.20s           2024-02-27T13:03:18
================================================================================
[2024-02-27T13:03:48.972+0000] {manager.py:879} INFO - 
================================================================================
DAG File Processing Stats

File Path                          PID    Runtime      # DAGs    # Errors  Last Runtime    Last Run
---------------------------------  -----  ---------  --------  ----------  --------------  -------------------
/opt/airflow/dags/bbc_news_etl.py                           0           1  0.14s           2024-02-27T13:03:48
================================================================================
[2024-02-27T13:04:19.219+0000] {manager.py:879} INFO - 
================================================================================
DAG File Processing Stats

File Path                          PID    Runtime      # DAGs    # Errors  Last Runtime    Last Run
---------------------------------  -----  ---------  --------  ----------  --------------  -------------------
/opt/airflow/dags/bbc_news_etl.py                           0           1  0.14s           2024-02-27T13:04:19
================================================================================
[2024-02-27T13:04:49.470+0000] {manager.py:879} INFO - 
================================================================================
DAG File Processing Stats

File Path                          PID    Runtime      # DAGs    # Errors  Last Runtime    Last Run
---------------------------------  -----  ---------  --------  ----------  --------------  -------------------
/opt/airflow/dags/bbc_news_etl.py                           0           1  0.15s           2024-02-27T13:04:49
================================================================================
[2024-02-27T13:05:19.831+0000] {manager.py:879} INFO - 
================================================================================
DAG File Processing Stats

File Path                          PID    Runtime      # DAGs    # Errors  Last Runtime    Last Run
---------------------------------  -----  ---------  --------  ----------  --------------  -------------------
/opt/airflow/dags/bbc_news_etl.py                           0           1  0.14s           2024-02-27T13:05:19
================================================================================
[2024-02-27T13:05:50.086+0000] {manager.py:879} INFO - 
================================================================================
DAG File Processing Stats

File Path                          PID    Runtime      # DAGs    # Errors  Last Runtime    Last Run
---------------------------------  -----  ---------  --------  ----------  --------------  -------------------
/opt/airflow/dags/bbc_news_etl.py                           0           1  0.16s           2024-02-27T13:05:50
================================================================================
[2024-02-27T13:06:20.341+0000] {manager.py:879} INFO - 
================================================================================
DAG File Processing Stats

File Path                          PID    Runtime      # DAGs    # Errors  Last Runtime    Last Run
---------------------------------  -----  ---------  --------  ----------  --------------  -------------------
/opt/airflow/dags/bbc_news_etl.py                           0           1  0.14s           2024-02-27T13:06:20
================================================================================
[2024-02-27T13:06:50.581+0000] {manager.py:879} INFO - 
================================================================================
DAG File Processing Stats

File Path                          PID    Runtime      # DAGs    # Errors  Last Runtime    Last Run
---------------------------------  -----  ---------  --------  ----------  --------------  -------------------
/opt/airflow/dags/bbc_news_etl.py                           0           1  0.13s           2024-02-27T13:06:50
================================================================================
[2024-02-27T13:07:20.839+0000] {manager.py:879} INFO - 
================================================================================
DAG File Processing Stats

File Path                          PID    Runtime      # DAGs    # Errors  Last Runtime    Last Run
---------------------------------  -----  ---------  --------  ----------  --------------  -------------------
/opt/airflow/dags/bbc_news_etl.py                           0           1  0.15s           2024-02-27T13:07:20
================================================================================
[2024-02-27T13:07:51.064+0000] {manager.py:879} INFO - 
================================================================================
DAG File Processing Stats

File Path                          PID    Runtime      # DAGs    # Errors  Last Runtime    Last Run
---------------------------------  -----  ---------  --------  ----------  --------------  -------------------
/opt/airflow/dags/bbc_news_etl.py                           0           1  0.13s           2024-02-27T13:07:51
================================================================================
[2024-02-27T13:08:15.504+0000] {manager.py:738} INFO - Searching for files in /opt/airflow/dags
[2024-02-27T13:08:15.520+0000] {manager.py:741} INFO - There are 1 files in /opt/airflow/dags
[2024-02-27T13:08:21.325+0000] {manager.py:879} INFO - 
================================================================================
DAG File Processing Stats

File Path                          PID    Runtime      # DAGs    # Errors  Last Runtime    Last Run
---------------------------------  -----  ---------  --------  ----------  --------------  -------------------
/opt/airflow/dags/bbc_news_etl.py                           0           1  0.14s           2024-02-27T13:08:21
================================================================================
[2024-02-27T13:08:51.594+0000] {manager.py:879} INFO - 
================================================================================
DAG File Processing Stats

File Path                          PID    Runtime      # DAGs    # Errors  Last Runtime    Last Run
---------------------------------  -----  ---------  --------  ----------  --------------  -------------------
/opt/airflow/dags/bbc_news_etl.py                           0           1  0.15s           2024-02-27T13:08:51
================================================================================
[2024-02-27T13:09:21.813+0000] {manager.py:879} INFO - 
================================================================================
DAG File Processing Stats

File Path                          PID    Runtime      # DAGs    # Errors  Last Runtime    Last Run
---------------------------------  -----  ---------  --------  ----------  --------------  -------------------
/opt/airflow/dags/bbc_news_etl.py                           0           1  0.12s           2024-02-27T13:09:21
================================================================================
[2024-02-27T13:09:52.033+0000] {manager.py:879} INFO - 
================================================================================
DAG File Processing Stats

File Path                          PID    Runtime      # DAGs    # Errors  Last Runtime    Last Run
---------------------------------  -----  ---------  --------  ----------  --------------  -------------------
/opt/airflow/dags/bbc_news_etl.py                           0           1  0.12s           2024-02-27T13:09:52
================================================================================
[2024-02-27T13:10:22.305+0000] {manager.py:879} INFO - 
================================================================================
DAG File Processing Stats

File Path                          PID    Runtime      # DAGs    # Errors  Last Runtime    Last Run
---------------------------------  -----  ---------  --------  ----------  --------------  -------------------
/opt/airflow/dags/bbc_news_etl.py                           0           1  0.18s           2024-02-27T13:10:22
================================================================================
[2024-02-27T13:10:52.573+0000] {manager.py:879} INFO - 
================================================================================
DAG File Processing Stats

File Path                          PID    Runtime      # DAGs    # Errors  Last Runtime    Last Run
---------------------------------  -----  ---------  --------  ----------  --------------  -------------------
/opt/airflow/dags/bbc_news_etl.py                           0           1  0.13s           2024-02-27T13:10:52
================================================================================
[2024-02-27T13:11:22.832+0000] {manager.py:879} INFO - 
================================================================================
DAG File Processing Stats

File Path                          PID    Runtime      # DAGs    # Errors  Last Runtime    Last Run
---------------------------------  -----  ---------  --------  ----------  --------------  -------------------
/opt/airflow/dags/bbc_news_etl.py                           0           1  0.16s           2024-02-27T13:11:22
================================================================================
[2024-02-27T13:11:53.056+0000] {manager.py:879} INFO - 
================================================================================
DAG File Processing Stats

File Path                          PID    Runtime      # DAGs    # Errors  Last Runtime    Last Run
---------------------------------  -----  ---------  --------  ----------  --------------  -------------------
/opt/airflow/dags/bbc_news_etl.py                           0           1  0.13s           2024-02-27T13:11:53
================================================================================
[2024-02-27T13:12:23.305+0000] {manager.py:879} INFO - 
================================================================================
DAG File Processing Stats

File Path                          PID    Runtime      # DAGs    # Errors  Last Runtime    Last Run
---------------------------------  -----  ---------  --------  ----------  --------------  -------------------
/opt/airflow/dags/bbc_news_etl.py                           0           1  0.14s           2024-02-27T13:12:23
================================================================================
[2024-02-27T13:12:53.593+0000] {manager.py:879} INFO - 
================================================================================
DAG File Processing Stats

File Path                          PID    Runtime      # DAGs    # Errors  Last Runtime    Last Run
---------------------------------  -----  ---------  --------  ----------  --------------  -------------------
/opt/airflow/dags/bbc_news_etl.py                           0           1  0.16s           2024-02-27T13:12:53
================================================================================
[2024-02-27T13:13:15.589+0000] {manager.py:738} INFO - Searching for files in /opt/airflow/dags
[2024-02-27T13:13:15.606+0000] {manager.py:741} INFO - There are 1 files in /opt/airflow/dags
[2024-02-27T13:13:23.832+0000] {manager.py:879} INFO - 
================================================================================
DAG File Processing Stats

File Path                          PID    Runtime      # DAGs    # Errors  Last Runtime    Last Run
---------------------------------  -----  ---------  --------  ----------  --------------  -------------------
/opt/airflow/dags/bbc_news_etl.py                           0           1  0.14s           2024-02-27T13:13:23
================================================================================
[2024-02-27T13:13:54.089+0000] {manager.py:879} INFO - 
================================================================================
DAG File Processing Stats

File Path                          PID    Runtime      # DAGs    # Errors  Last Runtime    Last Run
---------------------------------  -----  ---------  --------  ----------  --------------  -------------------
/opt/airflow/dags/bbc_news_etl.py                           0           1  0.16s           2024-02-27T13:13:54
================================================================================
[2024-02-27T13:14:24.376+0000] {manager.py:879} INFO - 
================================================================================
DAG File Processing Stats

File Path                          PID    Runtime      # DAGs    # Errors  Last Runtime    Last Run
---------------------------------  -----  ---------  --------  ----------  --------------  -------------------
/opt/airflow/dags/bbc_news_etl.py                           0           1  0.14s           2024-02-27T13:14:24
================================================================================
[2024-02-27T13:14:55.006+0000] {manager.py:879} INFO - 
================================================================================
DAG File Processing Stats

File Path                          PID    Runtime      # DAGs    # Errors  Last Runtime    Last Run
---------------------------------  -----  ---------  --------  ----------  --------------  -------------------
/opt/airflow/dags/bbc_news_etl.py                           0           1  0.13s           2024-02-27T13:14:55
================================================================================
[2024-02-27T13:15:25.214+0000] {manager.py:879} INFO - 
================================================================================
DAG File Processing Stats

File Path                          PID    Runtime      # DAGs    # Errors  Last Runtime    Last Run
---------------------------------  -----  ---------  --------  ----------  --------------  -------------------
/opt/airflow/dags/bbc_news_etl.py                           0           1  0.12s           2024-02-27T13:15:25
================================================================================
[2024-02-27T13:15:55.473+0000] {manager.py:879} INFO - 
================================================================================
DAG File Processing Stats

File Path                          PID    Runtime      # DAGs    # Errors  Last Runtime    Last Run
---------------------------------  -----  ---------  --------  ----------  --------------  -------------------
/opt/airflow/dags/bbc_news_etl.py                           0           1  0.15s           2024-02-27T13:15:55
================================================================================
[2024-02-27T13:16:25.716+0000] {manager.py:879} INFO - 
================================================================================
DAG File Processing Stats

File Path                          PID    Runtime      # DAGs    # Errors  Last Runtime    Last Run
---------------------------------  -----  ---------  --------  ----------  --------------  -------------------
/opt/airflow/dags/bbc_news_etl.py                           0           1  0.13s           2024-02-27T13:16:25
================================================================================
[2024-02-27T13:16:55.942+0000] {manager.py:879} INFO - 
================================================================================
DAG File Processing Stats

File Path                          PID    Runtime      # DAGs    # Errors  Last Runtime    Last Run
---------------------------------  -----  ---------  --------  ----------  --------------  -------------------
/opt/airflow/dags/bbc_news_etl.py                           0           1  0.13s           2024-02-27T13:16:55
================================================================================
[2024-02-27T13:17:26.181+0000] {manager.py:879} INFO - 
================================================================================
DAG File Processing Stats

File Path                          PID    Runtime      # DAGs    # Errors  Last Runtime    Last Run
---------------------------------  -----  ---------  --------  ----------  --------------  -------------------
/opt/airflow/dags/bbc_news_etl.py                           0           1  0.13s           2024-02-27T13:17:26
================================================================================
[2024-02-27T13:17:56.480+0000] {manager.py:879} INFO - 
================================================================================
DAG File Processing Stats

File Path                          PID    Runtime      # DAGs    # Errors  Last Runtime    Last Run
---------------------------------  -----  ---------  --------  ----------  --------------  -------------------
/opt/airflow/dags/bbc_news_etl.py                           0           1  0.16s           2024-02-27T13:17:56
================================================================================
[2024-02-27T13:18:15.670+0000] {manager.py:738} INFO - Searching for files in /opt/airflow/dags
[2024-02-27T13:18:15.678+0000] {manager.py:741} INFO - There are 1 files in /opt/airflow/dags
[2024-02-27T13:18:26.614+0000] {manager.py:879} INFO - 
================================================================================
DAG File Processing Stats

File Path                          PID    Runtime      # DAGs    # Errors  Last Runtime    Last Run
---------------------------------  -----  ---------  --------  ----------  --------------  -------------------
/opt/airflow/dags/bbc_news_etl.py                           0           1  0.17s           2024-02-27T13:18:19
================================================================================
[2024-02-27T13:18:56.654+0000] {manager.py:879} INFO - 
================================================================================
DAG File Processing Stats

File Path                          PID    Runtime      # DAGs    # Errors  Last Runtime    Last Run
---------------------------------  -----  ---------  --------  ----------  --------------  -------------------
/opt/airflow/dags/bbc_news_etl.py                           0           1  0.14s           2024-02-27T13:18:49
================================================================================
[2024-02-27T13:19:26.897+0000] {manager.py:879} INFO - 
================================================================================
DAG File Processing Stats

File Path                          PID    Runtime      # DAGs    # Errors  Last Runtime    Last Run
---------------------------------  -----  ---------  --------  ----------  --------------  -------------------
/opt/airflow/dags/bbc_news_etl.py                           1           0  1.54s           2024-02-27T13:19:12
================================================================================
[2024-02-27T13:19:57.049+0000] {manager.py:879} INFO - 
================================================================================
DAG File Processing Stats

File Path                          PID    Runtime      # DAGs    # Errors  Last Runtime    Last Run
---------------------------------  -----  ---------  --------  ----------  --------------  -------------------
/opt/airflow/dags/bbc_news_etl.py                           1           0  0.33s           2024-02-27T13:19:42
================================================================================
[2024-02-27T13:20:27.264+0000] {manager.py:879} INFO - 
================================================================================
DAG File Processing Stats

File Path                          PID    Runtime      # DAGs    # Errors  Last Runtime    Last Run
---------------------------------  -----  ---------  --------  ----------  --------------  -------------------
/opt/airflow/dags/bbc_news_etl.py                           1           0  0.35s           2024-02-27T13:19:59
================================================================================
[2024-02-27T13:20:57.358+0000] {manager.py:879} INFO - 
================================================================================
DAG File Processing Stats

File Path                          PID    Runtime      # DAGs    # Errors  Last Runtime    Last Run
---------------------------------  -----  ---------  --------  ----------  --------------  -------------------
/opt/airflow/dags/bbc_news_etl.py                           1           0  0.36s           2024-02-27T13:20:29
================================================================================
[2024-02-27T13:21:27.544+0000] {manager.py:879} INFO - 
================================================================================
DAG File Processing Stats

File Path                          PID    Runtime      # DAGs    # Errors  Last Runtime    Last Run
---------------------------------  -----  ---------  --------  ----------  --------------  -------------------
/opt/airflow/dags/bbc_news_etl.py                           0           1  0.15s           2024-02-27T13:21:24
================================================================================
[2024-02-27T13:21:57.696+0000] {manager.py:879} INFO - 
================================================================================
DAG File Processing Stats

File Path                          PID    Runtime      # DAGs    # Errors  Last Runtime    Last Run
---------------------------------  -----  ---------  --------  ----------  --------------  -------------------
/opt/airflow/dags/bbc_news_etl.py                           1           0  0.33s           2024-02-27T13:21:50
================================================================================
[2024-02-27T13:22:27.838+0000] {manager.py:879} INFO - 
================================================================================
DAG File Processing Stats

File Path                          PID    Runtime      # DAGs    # Errors  Last Runtime    Last Run
---------------------------------  -----  ---------  --------  ----------  --------------  -------------------
/opt/airflow/dags/bbc_news_etl.py                           1           0  0.38s           2024-02-27T13:22:21
================================================================================
[2024-02-27T13:22:57.920+0000] {manager.py:879} INFO - 
================================================================================
DAG File Processing Stats

File Path                          PID    Runtime      # DAGs    # Errors  Last Runtime    Last Run
---------------------------------  -----  ---------  --------  ----------  --------------  -------------------
/opt/airflow/dags/bbc_news_etl.py                           1           0  0.68s           2024-02-27T13:22:51
================================================================================
[2024-02-27T13:23:15.740+0000] {manager.py:738} INFO - Searching for files in /opt/airflow/dags
[2024-02-27T13:23:15.749+0000] {manager.py:741} INFO - There are 1 files in /opt/airflow/dags
[2024-02-27T13:23:28.637+0000] {manager.py:879} INFO - 
================================================================================
DAG File Processing Stats

File Path                          PID    Runtime      # DAGs    # Errors  Last Runtime    Last Run
---------------------------------  -----  ---------  --------  ----------  --------------  -------------------
/opt/airflow/dags/bbc_news_etl.py                           1           0  0.34s           2024-02-27T13:23:28
================================================================================
[2024-02-27T13:23:58.714+0000] {manager.py:879} INFO - 
================================================================================
DAG File Processing Stats

File Path                          PID    Runtime      # DAGs    # Errors  Last Runtime    Last Run
---------------------------------  -----  ---------  --------  ----------  --------------  -------------------
/opt/airflow/dags/bbc_news_etl.py                           1           0  0.45s           2024-02-27T13:23:57
================================================================================
[2024-02-27T13:24:28.885+0000] {manager.py:879} INFO - 
================================================================================
DAG File Processing Stats

File Path                          PID    Runtime      # DAGs    # Errors  Last Runtime    Last Run
---------------------------------  -----  ---------  --------  ----------  --------------  -------------------
/opt/airflow/dags/bbc_news_etl.py                           1           0  0.35s           2024-02-27T13:24:07
================================================================================
[2024-02-27T13:24:58.983+0000] {manager.py:879} INFO - 
================================================================================
DAG File Processing Stats

File Path                          PID    Runtime      # DAGs    # Errors  Last Runtime    Last Run
---------------------------------  -----  ---------  --------  ----------  --------------  -------------------
/opt/airflow/dags/bbc_news_etl.py                           1           0  0.46s           2024-02-27T13:24:38
================================================================================
[2024-02-27T13:25:32.663+0000] {manager.py:879} INFO - 
================================================================================
DAG File Processing Stats

File Path                          PID    Runtime      # DAGs    # Errors  Last Runtime    Last Run
---------------------------------  -----  ---------  --------  ----------  --------------  -------------------
/opt/airflow/dags/bbc_news_etl.py                           1           0  0.55s           2024-02-27T13:25:09
================================================================================
[2024-02-27T13:26:02.865+0000] {manager.py:879} INFO - 
================================================================================
DAG File Processing Stats

File Path                          PID    Runtime      # DAGs    # Errors  Last Runtime    Last Run
---------------------------------  -----  ---------  --------  ----------  --------------  -------------------
/opt/airflow/dags/bbc_news_etl.py                           1           0  0.21s           2024-02-27T13:25:41
================================================================================
[2024-02-27T13:26:33.148+0000] {manager.py:879} INFO - 
================================================================================
DAG File Processing Stats

File Path                          PID    Runtime      # DAGs    # Errors  Last Runtime    Last Run
---------------------------------  -----  ---------  --------  ----------  --------------  -------------------
/opt/airflow/dags/bbc_news_etl.py                           1           0  0.31s           2024-02-27T13:26:11
================================================================================
[2024-02-27T13:27:03.701+0000] {manager.py:879} INFO - 
================================================================================
DAG File Processing Stats

File Path                          PID    Runtime      # DAGs    # Errors  Last Runtime    Last Run
---------------------------------  -----  ---------  --------  ----------  --------------  -------------------
/opt/airflow/dags/bbc_news_etl.py                           1           0  0.38s           2024-02-27T13:26:42
================================================================================
[2024-02-27T13:27:34.069+0000] {manager.py:879} INFO - 
================================================================================
DAG File Processing Stats

File Path                          PID    Runtime      # DAGs    # Errors  Last Runtime    Last Run
---------------------------------  -----  ---------  --------  ----------  --------------  -------------------
/opt/airflow/dags/bbc_news_etl.py                           1           0  0.53s           2024-02-27T13:27:13
================================================================================
[2024-02-27T13:28:04.432+0000] {manager.py:879} INFO - 
================================================================================
DAG File Processing Stats

File Path                          PID    Runtime      # DAGs    # Errors  Last Runtime    Last Run
---------------------------------  -----  ---------  --------  ----------  --------------  -------------------
/opt/airflow/dags/bbc_news_etl.py                           1           0  0.34s           2024-02-27T13:27:44
================================================================================
[2024-02-27T13:28:15.834+0000] {manager.py:738} INFO - Searching for files in /opt/airflow/dags
[2024-02-27T13:28:15.846+0000] {manager.py:741} INFO - There are 1 files in /opt/airflow/dags
[2024-02-27T13:28:34.832+0000] {manager.py:879} INFO - 
================================================================================
DAG File Processing Stats

File Path                          PID    Runtime      # DAGs    # Errors  Last Runtime    Last Run
---------------------------------  -----  ---------  --------  ----------  --------------  -------------------
/opt/airflow/dags/bbc_news_etl.py                           1           0  0.59s           2024-02-27T13:28:15
================================================================================
[2024-02-27T13:29:05.391+0000] {manager.py:879} INFO - 
================================================================================
DAG File Processing Stats

File Path                          PID    Runtime      # DAGs    # Errors  Last Runtime    Last Run
---------------------------------  -----  ---------  --------  ----------  --------------  -------------------
/opt/airflow/dags/bbc_news_etl.py                           1           0  0.35s           2024-02-27T13:28:46
================================================================================
[2024-02-27T13:29:35.922+0000] {manager.py:879} INFO - 
================================================================================
DAG File Processing Stats

File Path                          PID    Runtime      # DAGs    # Errors  Last Runtime    Last Run
---------------------------------  -----  ---------  --------  ----------  --------------  -------------------
/opt/airflow/dags/bbc_news_etl.py                           1           0  0.38s           2024-02-27T13:29:17
================================================================================
[2024-02-27T13:30:06.190+0000] {manager.py:879} INFO - 
================================================================================
DAG File Processing Stats

File Path                          PID    Runtime      # DAGs    # Errors  Last Runtime    Last Run
---------------------------------  -----  ---------  --------  ----------  --------------  -------------------
/opt/airflow/dags/bbc_news_etl.py                           1           0  0.37s           2024-02-27T13:29:48
================================================================================
[2024-02-27T13:30:36.307+0000] {manager.py:879} INFO - 
================================================================================
DAG File Processing Stats

File Path                          PID    Runtime      # DAGs    # Errors  Last Runtime    Last Run
---------------------------------  -----  ---------  --------  ----------  --------------  -------------------
/opt/airflow/dags/bbc_news_etl.py                           1           0  0.36s           2024-02-27T13:30:18
================================================================================
[2024-02-27T13:31:06.411+0000] {manager.py:879} INFO - 
================================================================================
DAG File Processing Stats

File Path                          PID    Runtime      # DAGs    # Errors  Last Runtime    Last Run
---------------------------------  -----  ---------  --------  ----------  --------------  -------------------
/opt/airflow/dags/bbc_news_etl.py                           1           0  0.35s           2024-02-27T13:30:49
================================================================================
[2024-02-27T13:31:36.512+0000] {manager.py:879} INFO - 
================================================================================
DAG File Processing Stats

File Path                          PID    Runtime      # DAGs    # Errors  Last Runtime    Last Run
---------------------------------  -----  ---------  --------  ----------  --------------  -------------------
/opt/airflow/dags/bbc_news_etl.py                           1           0  0.56s           2024-02-27T13:31:20
================================================================================
[2024-02-27T13:32:06.588+0000] {manager.py:879} INFO - 
================================================================================
DAG File Processing Stats

File Path                          PID    Runtime      # DAGs    # Errors  Last Runtime    Last Run
---------------------------------  -----  ---------  --------  ----------  --------------  -------------------
/opt/airflow/dags/bbc_news_etl.py                           1           0  0.46s           2024-02-27T13:31:51
================================================================================
[2024-02-27T13:32:37.057+0000] {manager.py:879} INFO - 
================================================================================
DAG File Processing Stats

File Path                          PID    Runtime      # DAGs    # Errors  Last Runtime    Last Run
---------------------------------  -----  ---------  --------  ----------  --------------  -------------------
/opt/airflow/dags/bbc_news_etl.py                           1           0  0.34s           2024-02-27T13:32:22
================================================================================
[2024-02-27T13:33:07.512+0000] {manager.py:879} INFO - 
================================================================================
DAG File Processing Stats

File Path                          PID    Runtime      # DAGs    # Errors  Last Runtime    Last Run
---------------------------------  -----  ---------  --------  ----------  --------------  -------------------
/opt/airflow/dags/bbc_news_etl.py                           1           0  0.34s           2024-02-27T13:32:52
================================================================================
[2024-02-27T13:33:15.897+0000] {manager.py:738} INFO - Searching for files in /opt/airflow/dags
[2024-02-27T13:33:15.912+0000] {manager.py:741} INFO - There are 1 files in /opt/airflow/dags
[2024-02-27T13:33:38.062+0000] {manager.py:879} INFO - 
================================================================================
DAG File Processing Stats

File Path                          PID    Runtime      # DAGs    # Errors  Last Runtime    Last Run
---------------------------------  -----  ---------  --------  ----------  --------------  -------------------
/opt/airflow/dags/bbc_news_etl.py                           1           0  0.45s           2024-02-27T13:33:23
================================================================================
[2024-02-27T13:34:08.528+0000] {manager.py:879} INFO - 
================================================================================
DAG File Processing Stats

File Path                          PID    Runtime      # DAGs    # Errors  Last Runtime    Last Run
---------------------------------  -----  ---------  --------  ----------  --------------  -------------------
/opt/airflow/dags/bbc_news_etl.py                           1           0  0.35s           2024-02-27T13:33:53
================================================================================
[2024-02-27T13:34:38.985+0000] {manager.py:879} INFO - 
================================================================================
DAG File Processing Stats

File Path                          PID    Runtime      # DAGs    # Errors  Last Runtime    Last Run
---------------------------------  -----  ---------  --------  ----------  --------------  -------------------
/opt/airflow/dags/bbc_news_etl.py                           1           0  0.32s           2024-02-27T13:34:23
================================================================================
[2024-02-27T13:35:09.450+0000] {manager.py:879} INFO - 
================================================================================
DAG File Processing Stats

File Path                          PID    Runtime      # DAGs    # Errors  Last Runtime    Last Run
---------------------------------  -----  ---------  --------  ----------  --------------  -------------------
/opt/airflow/dags/bbc_news_etl.py                           1           0  0.36s           2024-02-27T13:34:54
================================================================================
[2024-02-27T13:35:40.029+0000] {manager.py:879} INFO - 
================================================================================
DAG File Processing Stats

File Path                          PID    Runtime      # DAGs    # Errors  Last Runtime    Last Run
---------------------------------  -----  ---------  --------  ----------  --------------  -------------------
/opt/airflow/dags/bbc_news_etl.py                           1           0  0.36s           2024-02-27T13:35:24
================================================================================
[2024-02-27T13:36:10.602+0000] {manager.py:879} INFO - 
================================================================================
DAG File Processing Stats

File Path                          PID    Runtime      # DAGs    # Errors  Last Runtime    Last Run
---------------------------------  -----  ---------  --------  ----------  --------------  -------------------
/opt/airflow/dags/bbc_news_etl.py                           1           0  0.46s           2024-02-27T13:35:55
================================================================================
[2024-02-27T13:36:41.089+0000] {manager.py:879} INFO - 
================================================================================
DAG File Processing Stats

File Path                          PID    Runtime      # DAGs    # Errors  Last Runtime    Last Run
---------------------------------  -----  ---------  --------  ----------  --------------  -------------------
/opt/airflow/dags/bbc_news_etl.py                           1           0  0.35s           2024-02-27T13:36:26
================================================================================
[2024-02-27T13:37:11.722+0000] {manager.py:879} INFO - 
================================================================================
DAG File Processing Stats

File Path                          PID    Runtime      # DAGs    # Errors  Last Runtime    Last Run
---------------------------------  -----  ---------  --------  ----------  --------------  -------------------
/opt/airflow/dags/bbc_news_etl.py                           1           0  0.47s           2024-02-27T13:36:56
================================================================================
[2024-02-27T13:37:42.210+0000] {manager.py:879} INFO - 
================================================================================
DAG File Processing Stats

File Path                          PID    Runtime      # DAGs    # Errors  Last Runtime    Last Run
---------------------------------  -----  ---------  --------  ----------  --------------  -------------------
/opt/airflow/dags/bbc_news_etl.py                           1           0  0.37s           2024-02-27T13:37:27
================================================================================
[2024-02-27T13:38:12.787+0000] {manager.py:879} INFO - 
================================================================================
DAG File Processing Stats

File Path                          PID    Runtime      # DAGs    # Errors  Last Runtime    Last Run
---------------------------------  -----  ---------  --------  ----------  --------------  -------------------
/opt/airflow/dags/bbc_news_etl.py                           1           0  0.47s           2024-02-27T13:37:57
================================================================================
[2024-02-27T13:38:15.983+0000] {manager.py:738} INFO - Searching for files in /opt/airflow/dags
[2024-02-27T13:38:15.997+0000] {manager.py:741} INFO - There are 1 files in /opt/airflow/dags
[2024-02-27T13:38:43.276+0000] {manager.py:879} INFO - 
================================================================================
DAG File Processing Stats

File Path                          PID    Runtime      # DAGs    # Errors  Last Runtime    Last Run
---------------------------------  -----  ---------  --------  ----------  --------------  -------------------
/opt/airflow/dags/bbc_news_etl.py                           1           0  0.37s           2024-02-27T13:38:28
================================================================================
[2024-02-27T13:39:13.732+0000] {manager.py:879} INFO - 
================================================================================
DAG File Processing Stats

File Path                          PID    Runtime      # DAGs    # Errors  Last Runtime    Last Run
---------------------------------  -----  ---------  --------  ----------  --------------  -------------------
/opt/airflow/dags/bbc_news_etl.py                           1           0  0.35s           2024-02-27T13:38:58
================================================================================
[2024-02-27T13:39:43.800+0000] {manager.py:879} INFO - 
================================================================================
DAG File Processing Stats

File Path                          PID    Runtime      # DAGs    # Errors  Last Runtime    Last Run
---------------------------------  -----  ---------  --------  ----------  --------------  -------------------
/opt/airflow/dags/bbc_news_etl.py                           1           0  0.68s           2024-02-27T13:39:29
================================================================================
[2024-02-27T13:40:14.151+0000] {manager.py:879} INFO - 
================================================================================
DAG File Processing Stats

File Path                          PID    Runtime      # DAGs    # Errors  Last Runtime    Last Run
---------------------------------  -----  ---------  --------  ----------  --------------  -------------------
/opt/airflow/dags/bbc_news_etl.py                           1           0  0.35s           2024-02-27T13:39:59
================================================================================
[2024-02-27T13:40:44.690+0000] {manager.py:879} INFO - 
================================================================================
DAG File Processing Stats

File Path                          PID    Runtime      # DAGs    # Errors  Last Runtime    Last Run
---------------------------------  -----  ---------  --------  ----------  --------------  -------------------
/opt/airflow/dags/bbc_news_etl.py                           1           0  0.34s           2024-02-27T13:40:30
================================================================================
[2024-02-27T13:41:15.151+0000] {manager.py:879} INFO - 
================================================================================
DAG File Processing Stats

File Path                          PID    Runtime      # DAGs    # Errors  Last Runtime    Last Run
---------------------------------  -----  ---------  --------  ----------  --------------  -------------------
/opt/airflow/dags/bbc_news_etl.py                           1           0  0.35s           2024-02-27T13:41:00
================================================================================
[2024-02-27T13:41:45.622+0000] {manager.py:879} INFO - 
================================================================================
DAG File Processing Stats

File Path                          PID    Runtime      # DAGs    # Errors  Last Runtime    Last Run
---------------------------------  -----  ---------  --------  ----------  --------------  -------------------
/opt/airflow/dags/bbc_news_etl.py                           1           0  0.36s           2024-02-27T13:41:31
================================================================================
[2024-02-27T13:42:16.114+0000] {manager.py:879} INFO - 
================================================================================
DAG File Processing Stats

File Path                          PID    Runtime      # DAGs    # Errors  Last Runtime    Last Run
---------------------------------  -----  ---------  --------  ----------  --------------  -------------------
/opt/airflow/dags/bbc_news_etl.py                           1           0  0.35s           2024-02-27T13:42:01
================================================================================
[2024-02-27T13:42:46.530+0000] {manager.py:879} INFO - 
================================================================================
DAG File Processing Stats

File Path                          PID    Runtime      # DAGs    # Errors  Last Runtime    Last Run
---------------------------------  -----  ---------  --------  ----------  --------------  -------------------
/opt/airflow/dags/bbc_news_etl.py                           1           0  0.36s           2024-02-27T13:42:32
================================================================================
[2024-02-27T13:43:16.069+0000] {manager.py:738} INFO - Searching for files in /opt/airflow/dags
[2024-02-27T13:43:16.077+0000] {manager.py:741} INFO - There are 1 files in /opt/airflow/dags
[2024-02-27T13:43:16.539+0000] {manager.py:879} INFO - 
================================================================================
DAG File Processing Stats

File Path                          PID    Runtime      # DAGs    # Errors  Last Runtime    Last Run
---------------------------------  -----  ---------  --------  ----------  --------------  -------------------
/opt/airflow/dags/bbc_news_etl.py                           1           0  0.66s           2024-02-27T13:43:15
================================================================================
[2024-02-27T13:43:47.483+0000] {manager.py:879} INFO - 
================================================================================
DAG File Processing Stats

File Path                          PID    Runtime      # DAGs    # Errors  Last Runtime    Last Run
---------------------------------  -----  ---------  --------  ----------  --------------  -------------------
/opt/airflow/dags/bbc_news_etl.py                           1           0  0.45s           2024-02-27T13:43:18
================================================================================
[2024-02-27T13:44:18.018+0000] {manager.py:879} INFO - 
================================================================================
DAG File Processing Stats

File Path                          PID    Runtime      # DAGs    # Errors  Last Runtime    Last Run
---------------------------------  -----  ---------  --------  ----------  --------------  -------------------
/opt/airflow/dags/bbc_news_etl.py                           0           1  0.35s           2024-02-27T13:44:10
================================================================================
[2024-02-27T13:44:48.488+0000] {manager.py:879} INFO - 
================================================================================
DAG File Processing Stats

File Path                          PID    Runtime      # DAGs    # Errors  Last Runtime    Last Run
---------------------------------  -----  ---------  --------  ----------  --------------  -------------------
/opt/airflow/dags/bbc_news_etl.py                           0           1  0.34s           2024-02-27T13:44:40
================================================================================
[2024-02-27T13:45:18.811+0000] {manager.py:879} INFO - 
================================================================================
DAG File Processing Stats

File Path                          PID    Runtime      # DAGs    # Errors  Last Runtime    Last Run
---------------------------------  -----  ---------  --------  ----------  --------------  -------------------
/opt/airflow/dags/bbc_news_etl.py                           0           1  0.39s           2024-02-27T13:45:11
================================================================================
[2024-02-27T13:45:48.912+0000] {manager.py:879} INFO - 
================================================================================
DAG File Processing Stats

File Path                          PID    Runtime      # DAGs    # Errors  Last Runtime    Last Run
---------------------------------  -----  ---------  --------  ----------  --------------  -------------------
/opt/airflow/dags/bbc_news_etl.py                           1           0  0.35s           2024-02-27T13:45:42
================================================================================
[2024-02-27T13:46:19.005+0000] {manager.py:879} INFO - 
================================================================================
DAG File Processing Stats

File Path                          PID    Runtime      # DAGs    # Errors  Last Runtime    Last Run
---------------------------------  -----  ---------  --------  ----------  --------------  -------------------
/opt/airflow/dags/bbc_news_etl.py                           1           0  0.37s           2024-02-27T13:46:12
================================================================================
[2024-02-27T13:46:49.046+0000] {manager.py:879} INFO - 
================================================================================
DAG File Processing Stats

File Path                          PID    Runtime      # DAGs    # Errors  Last Runtime    Last Run
---------------------------------  -----  ---------  --------  ----------  --------------  -------------------
/opt/airflow/dags/bbc_news_etl.py                           1           0  0.35s           2024-02-27T13:46:44
================================================================================
[2024-02-27T13:47:19.218+0000] {manager.py:879} INFO - 
================================================================================
DAG File Processing Stats

File Path                          PID    Runtime      # DAGs    # Errors  Last Runtime    Last Run
---------------------------------  -----  ---------  --------  ----------  --------------  -------------------
/opt/airflow/dags/bbc_news_etl.py                           1           0  0.44s           2024-02-27T13:47:10
================================================================================
[2024-02-27T13:47:49.388+0000] {manager.py:879} INFO - 
================================================================================
DAG File Processing Stats

File Path                          PID    Runtime      # DAGs    # Errors  Last Runtime    Last Run
---------------------------------  -----  ---------  --------  ----------  --------------  -------------------
/opt/airflow/dags/bbc_news_etl.py                           1           0  0.54s           2024-02-27T13:47:41
================================================================================
[2024-02-27T13:48:17.731+0000] {manager.py:738} INFO - Searching for files in /opt/airflow/dags
[2024-02-27T13:48:17.736+0000] {manager.py:741} INFO - There are 1 files in /opt/airflow/dags
[2024-02-27T13:48:19.577+0000] {manager.py:879} INFO - 
================================================================================
DAG File Processing Stats

File Path                          PID    Runtime      # DAGs    # Errors  Last Runtime    Last Run
---------------------------------  -----  ---------  --------  ----------  --------------  -------------------
/opt/airflow/dags/bbc_news_etl.py                           1           0  0.63s           2024-02-27T13:48:13
================================================================================
[2024-02-27T13:48:50.617+0000] {manager.py:879} INFO - 
================================================================================
DAG File Processing Stats

File Path                          PID    Runtime      # DAGs    # Errors  Last Runtime    Last Run
---------------------------------  -----  ---------  --------  ----------  --------------  -------------------
/opt/airflow/dags/bbc_news_etl.py                           1           0  0.35s           2024-02-27T13:48:44
================================================================================
[2024-02-27T13:49:21.217+0000] {manager.py:879} INFO - 
================================================================================
DAG File Processing Stats

File Path                          PID    Runtime      # DAGs    # Errors  Last Runtime    Last Run
---------------------------------  -----  ---------  --------  ----------  --------------  -------------------
/opt/airflow/dags/bbc_news_etl.py                           1           0  0.67s           2024-02-27T13:49:15
================================================================================
